* using log directory ‘/home/nelson.johansen/scripts/hubR/hubR.Rcheck’
* using R version 4.1.1 (2021-08-10)
* using platform: x86_64-conda-linux-gnu (64-bit)
* using session charset: UTF-8
* checking for file ‘hubR/DESCRIPTION’ ... OK
* this is package ‘hubR’ version ‘0.0.0.9000’
* package encoding: UTF-8
* checking package namespace information ... OK
* checking package dependencies ... OK
* checking if this is a source package ... OK
* checking if there is a namespace ... OK
* checking for executable files ... OK
* checking for hidden files and directories ... OK
* checking for portable file names ... OK
* checking for sufficient/correct file permissions ... OK
* checking whether package ‘hubR’ can be installed ... OK
* checking installed package size ... OK
* checking package directory ... OK
* checking DESCRIPTION meta-information ... OK
* checking top-level files ... NOTE
File
  LICENSE
is not mentioned in the DESCRIPTION file.
* checking for left-over files ... OK
* checking index information ... OK
* checking package subdirectories ... OK
* checking R files for non-ASCII characters ... OK
* checking R files for syntax errors ... OK
* checking whether the package can be loaded ... OK
* checking whether the package can be loaded with stated dependencies ... OK
* checking whether the package can be unloaded cleanly ... OK
* checking whether the namespace can be loaded with stated dependencies ... OK
* checking whether the namespace can be unloaded cleanly ... OK
* checking loading without being on the library search path ... OK
* checking dependencies in R code ... NOTE
Namespaces in Imports field not imported from:
  ‘RColorBrewer’ ‘RCurl’ ‘digest’ ‘openssl’
  All declared Imports should be used.
* checking S3 generic/method consistency ... OK
* checking replacement functions ... OK
* checking foreign function calls ... OK
* checking R code for possible problems ... NOTE
.argcheck.colors: no visible binding for global variable
  ‘brewer.pal.info’
.argcheck.colors: no visible binding for global variable ‘brewer.pal’
create.signatures : <anonymous>: no visible global function definition
  for ‘URLencode’
create.signatures : <anonymous>: no visible global function definition
  for ‘base64Encode’
create.signatures : <anonymous>: no visible global function definition
  for ‘hmac’
generate.track.hub: no visible global function definition for ‘col2rgb’
Undefined global functions or variables:
  URLencode base64Encode brewer.pal brewer.pal.info col2rgb hmac
Consider adding
  importFrom("grDevices", "col2rgb")
  importFrom("utils", "URLencode")
to your NAMESPACE file.
* checking Rd files ... OK
* checking Rd metadata ... OK
* checking Rd cross-references ... OK
* checking for missing documentation entries ... OK
* checking for code/documentation mismatches ... OK
* checking Rd \usage sections ... OK
* checking Rd contents ... OK
* checking for unstated dependencies in examples ... OK
* checking examples ... NONE
* checking PDF version of manual ... WARNING
LaTeX errors when creating PDF version.
This typically indicates Rd problems.
LaTeX errors found:
! LaTeX Error: File `inconsolata.sty' not found.

Type X to quit or <RETURN> to proceed,
or enter new name. (Default extension: sty)

! Emergency stop.
<read *> 
         
l.287 ^^M
         
!  ==> Fatal error occurred, no output PDF file produced!
* checking PDF version of manual without hyperrefs or index ... OK
* DONE
Status: 1 WARNING, 3 NOTEs
